This is pdfTeX, Version 3.141592653-2.6-1.40.22 (TeX Live 2021) (preloaded format=pdflatex 2021.4.23)  16 JUN 2022 21:46
entering extended mode
 \write18 enabled.
 %&-line parsing enabled.
**intro
(./intro.tex
LaTeX2e <2020-10-01> patch level 4
L3 programming layer <2021-02-18>
(/usr/local/texlive/2021/texmf-dist/tex/latex/base/article.cls
Document Class: article 2020/04/10 v1.4m Standard LaTeX document class
(/usr/local/texlive/2021/texmf-dist/tex/latex/base/size10.clo
File: size10.clo 2020/04/10 v1.4m Standard LaTeX file (size option)
)
\c@part=\count179
\c@section=\count180
\c@subsection=\count181
\c@subsubsection=\count182
\c@paragraph=\count183
\c@subparagraph=\count184
\c@figure=\count185
\c@table=\count186
\abovecaptionskip=\skip47
\belowcaptionskip=\skip48
\bibindent=\dimen138
)
(/usr/local/texlive/2021/texmf-dist/tex/latex/relsize/relsize.sty
Package: relsize 2013/03/29 ver 4.1
)
(/usr/local/texlive/2021/texmf-dist/tex/latex/base/makeidx.sty
Package: makeidx 2014/09/29 v1.0m Standard LaTeX package
)
(/usr/local/texlive/2021/texmf-dist/tex/latex/graphics/color.sty
Package: color 2020/02/24 v1.2b Standard LaTeX Color (DPC)

(/usr/local/texlive/2021/texmf-dist/tex/latex/graphics-cfg/color.cfg
File: color.cfg 2016/01/02 v1.6 sample color configuration
)
Package color Info: Driver file: pdftex.def on input line 147.

(/usr/local/texlive/2021/texmf-dist/tex/latex/graphics-def/pdftex.def
File: pdftex.def 2020/10/05 v1.2a Graphics/color driver for pdftex
))
(/usr/local/texlive/2021/texmf-dist/tex/latex/setspace/setspace.sty
Package: setspace 2011/12/19 v6.7a set line spacing
)
(/usr/local/texlive/2021/texmf-dist/tex/latex/amsmath/amsmath.sty
Package: amsmath 2020/09/23 v2.17i AMS math features
\@mathmargin=\skip49

For additional information on amsmath, use the `?' option.
(/usr/local/texlive/2021/texmf-dist/tex/latex/amsmath/amstext.sty
Package: amstext 2000/06/29 v2.01 AMS text

(/usr/local/texlive/2021/texmf-dist/tex/latex/amsmath/amsgen.sty
File: amsgen.sty 1999/11/30 v2.0 generic functions
\@emptytoks=\toks15
\ex@=\dimen139
))
(/usr/local/texlive/2021/texmf-dist/tex/latex/amsmath/amsbsy.sty
Package: amsbsy 1999/11/29 v1.2d Bold Symbols
\pmbraise@=\dimen140
)
(/usr/local/texlive/2021/texmf-dist/tex/latex/amsmath/amsopn.sty
Package: amsopn 2016/03/08 v2.02 operator names
)
\inf@bad=\count187
LaTeX Info: Redefining \frac on input line 234.
\uproot@=\count188
\leftroot@=\count189
LaTeX Info: Redefining \overline on input line 399.
\classnum@=\count190
\DOTSCASE@=\count191
LaTeX Info: Redefining \ldots on input line 496.
LaTeX Info: Redefining \dots on input line 499.
LaTeX Info: Redefining \cdots on input line 620.
\Mathstrutbox@=\box47
\strutbox@=\box48
\big@size=\dimen141
LaTeX Font Info:    Redeclaring font encoding OML on input line 743.
LaTeX Font Info:    Redeclaring font encoding OMS on input line 744.
\macc@depth=\count192
\c@MaxMatrixCols=\count193
\dotsspace@=\muskip16
\c@parentequation=\count194
\dspbrk@lvl=\count195
\tag@help=\toks16
\row@=\count196
\column@=\count197
\maxfields@=\count198
\andhelp@=\toks17
\eqnshift@=\dimen142
\alignsep@=\dimen143
\tagshift@=\dimen144
\tagwidth@=\dimen145
\totwidth@=\dimen146
\lineht@=\dimen147
\@envbody=\toks18
\multlinegap=\skip50
\multlinetaggap=\skip51
\mathdisplay@stack=\toks19
LaTeX Info: Redefining \[ on input line 2923.
LaTeX Info: Redefining \] on input line 2924.
)
(/usr/local/texlive/2021/texmf-dist/tex/latex/amsfonts/amsfonts.sty
Package: amsfonts 2013/01/14 v3.01 Basic AMSFonts support
\symAMSa=\mathgroup4
\symAMSb=\mathgroup5
LaTeX Font Info:    Redeclaring math symbol \hbar on input line 98.
LaTeX Font Info:    Overwriting math alphabet `\mathfrak' in version `bold'
(Font)                  U/euf/m/n --> U/euf/b/n on input line 106.
)
(/usr/local/texlive/2021/texmf-dist/tex/latex/amsfonts/amssymb.sty
Package: amssymb 2013/01/14 v3.01 AMS font symbols
)
(/usr/local/texlive/2021/texmf-dist/tex/latex/xcolor/xcolor.sty
Package: xcolor 2016/05/11 v2.12 LaTeX color extensions (UK)

(/usr/local/texlive/2021/texmf-dist/tex/latex/graphics-cfg/color.cfg
File: color.cfg 2016/01/02 v1.6 sample color configuration
)
Package xcolor Info: Driver file: pdftex.def on input line 225.

(/usr/local/texlive/2021/texmf-dist/tex/latex/colortbl/colortbl.sty
Package: colortbl 2020/01/04 v1.0e Color table columns (DPC)

(/usr/local/texlive/2021/texmf-dist/tex/latex/tools/array.sty
Package: array 2020/10/01 v2.5c Tabular extension package (FMi)
\col@sep=\dimen148
\ar@mcellbox=\box49
\extrarowheight=\dimen149
\NC@list=\toks20
\extratabsurround=\skip52
\backup@length=\skip53
\ar@cellbox=\box50
)
\everycr=\toks21
\minrowclearance=\skip54
)
LaTeX Info: Redefining \color on input line 709.
\rownum=\count199
Package xcolor Info: Model `cmy' substituted by `cmy0' on input line 1348.
Package xcolor Info: Model `hsb' substituted by `rgb' on input line 1352.
Package xcolor Info: Model `RGB' extended on input line 1364.
Package xcolor Info: Model `HTML' substituted by `rgb' on input line 1366.
Package xcolor Info: Model `Hsb' substituted by `hsb' on input line 1367.
Package xcolor Info: Model `tHsb' substituted by `hsb' on input line 1368.
Package xcolor Info: Model `HSB' substituted by `hsb' on input line 1369.
Package xcolor Info: Model `Gray' substituted by `gray' on input line 1370.
Package xcolor Info: Model `wave' substituted by `hsb' on input line 1371.
)
(/usr/local/texlive/2021/texmf-dist/tex/latex/tools/bm.sty
Package: bm 2019/07/24 v1.2d Bold Symbol Support (DPC/FMi)
\symboldoperators=\mathgroup6
\symboldletters=\mathgroup7
\symboldsymbols=\mathgroup8
LaTeX Font Info:    Redeclaring math alphabet \mathbf on input line 141.
LaTeX Info: Redefining \bm on input line 209.
)
(/usr/local/texlive/2021/texmf-dist/tex/latex/ltablex/ltablex.sty
Package: ltablex 2014/08/13 v1.1 Modified tabularx

(/usr/local/texlive/2021/texmf-dist/tex/latex/tools/longtable.sty
Package: longtable 2020/01/07 v4.13 Multi-page Table package (DPC)
\LTleft=\skip55
\LTright=\skip56
\LTpre=\skip57
\LTpost=\skip58
\LTchunksize=\count266
\LTcapwidth=\dimen150
\LT@head=\box51
\LT@firsthead=\box52
\LT@foot=\box53
\LT@lastfoot=\box54
\LT@cols=\count267
\LT@rows=\count268
\c@LT@tables=\count269
\c@LT@chunks=\count270
\LT@p@ftn=\toks22
)
(/usr/local/texlive/2021/texmf-dist/tex/latex/tools/tabularx.sty
Package: tabularx 2020/01/15 v2.11c `tabularx' package (DPC)
\TX@col@width=\dimen151
\TX@old@table=\dimen152
\TX@old@col=\dimen153
\TX@target=\dimen154
\TX@delta=\dimen155
\TX@cols=\count271
\TX@ftn=\toks23
))
(/usr/local/texlive/2021/texmf-dist/tex/latex/microtype/microtype.sty
Package: microtype 2021/03/14 v2.8c Micro-typographical refinements (RS)

(/usr/local/texlive/2021/texmf-dist/tex/latex/graphics/keyval.sty
Package: keyval 2014/10/28 v1.15 key=value parser (DPC)
\KV@toks@=\toks24
)
\MT@toks=\toks25
\MT@count=\count272
LaTeX Info: Redefining \textls on input line 790.
\MT@outer@kern=\dimen156
LaTeX Info: Redefining \textmicrotypecontext on input line 1374.
\MT@listname@count=\count273

(/usr/local/texlive/2021/texmf-dist/tex/latex/microtype/microtype-pdftex.def
File: microtype-pdftex.def 2021/03/14 v2.8c Definitions specific to pdftex (RS)

LaTeX Info: Redefining \lsstyle on input line 915.
LaTeX Info: Redefining \lslig on input line 915.
\MT@outer@space=\skip59
)
Package microtype Info: Loading configuration file microtype.cfg.

(/usr/local/texlive/2021/texmf-dist/tex/latex/microtype/microtype.cfg
File: microtype.cfg 2021/03/14 v2.8c microtype main configuration file (RS)
))
(/usr/local/texlive/2021/texmf-dist/tex/latex/graphics/graphicx.sty
Package: graphicx 2020/09/09 v1.2b Enhanced LaTeX Graphics (DPC,SPQR)

(/usr/local/texlive/2021/texmf-dist/tex/latex/graphics/graphics.sty
Package: graphics 2020/08/30 v1.4c Standard LaTeX Graphics (DPC,SPQR)

(/usr/local/texlive/2021/texmf-dist/tex/latex/graphics/trig.sty
Package: trig 2016/01/03 v1.10 sin cos tan (DPC)
)
(/usr/local/texlive/2021/texmf-dist/tex/latex/graphics-cfg/graphics.cfg
File: graphics.cfg 2016/06/04 v1.11 sample graphics configuration
)
Package graphics Info: Driver file: pdftex.def on input line 105.
)
\Gin@req@height=\dimen157
\Gin@req@width=\dimen158
)
(/usr/local/texlive/2021/texmf-dist/tex/latex/fancyvrb/fancyvrb.sty
Package: fancyvrb 2021/01/20 v3.7 verbatim text (tvz,hv)
\FV@CodeLineNo=\count274
\FV@InFile=\read2
\FV@TabBox=\box55
\c@FancyVerbLine=\count275
\FV@StepNumber=\count276
\FV@OutFile=\write3
)
(/usr/local/texlive/2021/texmf-dist/tex/latex/minted/minted.sty
Package: minted 2017/07/19 v2.5 Yet another Pygments shim for LaTeX

(/usr/local/texlive/2021/texmf-dist/tex/latex/kvoptions/kvoptions.sty
Package: kvoptions 2020-10-07 v3.14 Key value format for package options (HO)

(/usr/local/texlive/2021/texmf-dist/tex/generic/ltxcmds/ltxcmds.sty
Package: ltxcmds 2020-05-10 v1.25 LaTeX kernel commands for general use (HO)
)
(/usr/local/texlive/2021/texmf-dist/tex/generic/kvsetkeys/kvsetkeys.sty
Package: kvsetkeys 2019/12/15 v1.18 Key value parser (HO)
))
(/usr/local/texlive/2021/texmf-dist/tex/latex/fvextra/fvextra.sty
Package: fvextra 2019/02/04 v1.4 fvextra - extensions and patches for fancyvrb

(/usr/local/texlive/2021/texmf-dist/tex/latex/base/ifthen.sty
Package: ifthen 2014/09/29 v1.1c Standard LaTeX ifthen package (DPC)
)
(/usr/local/texlive/2021/texmf-dist/tex/latex/etoolbox/etoolbox.sty
Package: etoolbox 2020/10/05 v2.5k e-TeX tools for LaTeX (JAW)
\etb@tempcnta=\count277
)
(/usr/local/texlive/2021/texmf-dist/tex/latex/upquote/upquote.sty
Package: upquote 2012/04/19 v1.3 upright-quote and grave-accent glyphs in verba
tim
)
(/usr/local/texlive/2021/texmf-dist/tex/latex/lineno/lineno.sty
Package: lineno 2005/11/02 line numbers on paragraphs v4.41
\linenopenalty=\count278
\output=\toks26
\linenoprevgraf=\count279
\linenumbersep=\dimen159
\linenumberwidth=\dimen160
\c@linenumber=\count280
\c@pagewiselinenumber=\count281
\c@LN@truepage=\count282
\c@internallinenumber=\count283
\c@internallinenumbers=\count284
\quotelinenumbersep=\dimen161
\bframerule=\dimen162
\bframesep=\dimen163
\bframebox=\box56
LaTeX Info: Redefining \\ on input line 3056.
)
\c@FV@TrueTabGroupLevel=\count285
\c@FV@TrueTabCounter=\count286
\FV@TabBox@Group=\box57
\FV@TmpLength=\skip60
\c@FV@HighlightLinesStart=\count287
\c@FV@HighlightLinesStop=\count288
\FV@LoopCount=\count289
\FV@NCharsBox=\box58
\FV@BreakIndent=\dimen164
\FV@BreakIndentNChars=\count290
\FV@BreakSymbolSepLeft=\dimen165
\FV@BreakSymbolSepLeftNChars=\count291
\FV@BreakSymbolSepRight=\dimen166
\FV@BreakSymbolSepRightNChars=\count292
\FV@BreakSymbolIndentLeft=\dimen167
\FV@BreakSymbolIndentLeftNChars=\count293
\FV@BreakSymbolIndentRight=\dimen168
\FV@BreakSymbolIndentRightNChars=\count294
\c@FancyVerbLineBreakLast=\count295
\FV@LineBox=\box59
\FV@LineIndentBox=\box60
\FV@LineWidth=\dimen169
)
(/usr/local/texlive/2021/texmf-dist/tex/latex/tools/calc.sty
Package: calc 2017/05/25 v4.3 Infix arithmetic (KKT,FJ)
\calc@Acount=\count296
\calc@Bcount=\count297
\calc@Adimen=\dimen170
\calc@Bdimen=\dimen171
\calc@Askip=\skip61
\calc@Bskip=\skip62
LaTeX Info: Redefining \setlength on input line 80.
LaTeX Info: Redefining \addtolength on input line 81.
\calc@Ccount=\count298
\calc@Cskip=\skip63
)
(/usr/local/texlive/2021/texmf-dist/tex/latex/tools/shellesc.sty
Package: shellesc 2019/11/08 v1.0c unified shell escape interface for LaTeX
Package shellesc Info: Unrestricted shell escape enabled on input line 75.
)
(/usr/local/texlive/2021/texmf-dist/tex/latex/ifplatform/ifplatform.sty
Package: ifplatform 2017/10/13 v0.4a Testing for the operating system

(/usr/local/texlive/2021/texmf-dist/tex/generic/pdftexcmds/pdftexcmds.sty
Package: pdftexcmds 2020-06-27 v0.33 Utility functions of pdfTeX for LuaTeX (HO
)

(/usr/local/texlive/2021/texmf-dist/tex/generic/infwarerr/infwarerr.sty
Package: infwarerr 2019/12/03 v1.5 Providing info/warning/error messages (HO)
)
(/usr/local/texlive/2021/texmf-dist/tex/generic/iftex/iftex.sty
Package: iftex 2020/03/06 v1.0d TeX engine tests
)
Package pdftexcmds Info: \pdf@primitive is available.
Package pdftexcmds Info: \pdf@ifprimitive is available.
Package pdftexcmds Info: \pdfdraftmode found.
)
(/usr/local/texlive/2021/texmf-dist/tex/generic/catchfile/catchfile.sty
Package: catchfile 2019/12/09 v1.8 Catch the contents of a file (HO)

(/usr/local/texlive/2021/texmf-dist/tex/generic/etexcmds/etexcmds.sty
Package: etexcmds 2019/12/15 v1.7 Avoid name clashes with e-TeX commands (HO)
))
(/usr/local/texlive/2021/texmf-dist/tex/generic/iftex/ifluatex.sty
Package: ifluatex 2019/10/25 v1.5 ifluatex legacy package. Use iftex instead.
)
runsystem(uname -s > "intro.w18")...executed.


(./intro.w18)
runsystem(rm -- "intro.w18")...executed.

)
(/usr/local/texlive/2021/texmf-dist/tex/generic/xstring/xstring.sty
(/usr/local/texlive/2021/texmf-dist/tex/generic/xstring/xstring.tex
\integerpart=\count299
\decimalpart=\count300
)
Package: xstring 2019/02/06 v1.83 String manipulations (CT)
)
(/usr/local/texlive/2021/texmf-dist/tex/latex/framed/framed.sty
Package: framed 2011/10/22 v 0.96: framed or shaded text with page breaks
\OuterFrameSep=\skip64
\fb@frw=\dimen172
\fb@frh=\dimen173
\FrameRule=\dimen174
\FrameSep=\dimen175
)
(/usr/local/texlive/2021/texmf-dist/tex/latex/float/float.sty
Package: float 2001/11/08 v1.3d Float enhancements (AL)
\c@float@type=\count301
\float@exts=\toks27
\float@box=\box61
\@float@everytoks=\toks28
\@floatcapt=\box62
)
\minted@appexistsfile=\read3
\minted@bgbox=\box63
\minted@code=\write4
\c@minted@FancyVerbLineTemp=\count302
\c@minted@pygmentizecounter=\count303
\@float@every@listing=\toks29
\c@listing=\count304
)
runsystem(mkdir -p _minted-intro)...executed.


(/usr/local/texlive/2021/texmf-dist/tex/latex/base/fontenc.sty
Package: fontenc 2020/08/10 v2.0s Standard LaTeX package
)
(/usr/local/texlive/2021/texmf-dist/tex/latex/ucs/ucs.sty
Package: ucs 2013/05/11 v2.2 UCS: Unicode input support

(/usr/local/texlive/2021/texmf-dist/tex/latex/ucs/data/uni-global.def
File: uni-global.def 2013/05/13 UCS: Unicode global data
)
\uc@secondtry=\count305
\uc@combtoks=\toks30
\uc@combtoksb=\toks31
\uc@temptokena=\toks32
)
(/usr/local/texlive/2021/texmf-dist/tex/latex/base/inputenc.sty
Package: inputenc 2020/08/01 v1.3d Input encoding file
\inpenc@prehook=\toks33
\inpenc@posthook=\toks34

(/usr/local/texlive/2021/texmf-dist/tex/latex/ucs/utf8x.def
File: utf8x.def 2004/10/17 UCS: Input encoding UTF-8
))
(/usr/local/texlive/2021/texmf-dist/tex/latex/lm/lmodern.sty
Package: lmodern 2015/05/01 v1.6.1 Latin Modern Fonts
LaTeX Font Info:    Overwriting symbol font `operators' in version `normal'
(Font)                  OT1/cmr/m/n --> OT1/lmr/m/n on input line 22.
LaTeX Font Info:    Overwriting symbol font `letters' in version `normal'
(Font)                  OML/cmm/m/it --> OML/lmm/m/it on input line 23.
LaTeX Font Info:    Overwriting symbol font `symbols' in version `normal'
(Font)                  OMS/cmsy/m/n --> OMS/lmsy/m/n on input line 24.
LaTeX Font Info:    Overwriting symbol font `largesymbols' in version `normal'
(Font)                  OMX/cmex/m/n --> OMX/lmex/m/n on input line 25.
LaTeX Font Info:    Overwriting symbol font `operators' in version `bold'
(Font)                  OT1/cmr/bx/n --> OT1/lmr/bx/n on input line 26.
LaTeX Font Info:    Overwriting symbol font `letters' in version `bold'
(Font)                  OML/cmm/b/it --> OML/lmm/b/it on input line 27.
LaTeX Font Info:    Overwriting symbol font `symbols' in version `bold'
(Font)                  OMS/cmsy/b/n --> OMS/lmsy/b/n on input line 28.
LaTeX Font Info:    Overwriting symbol font `largesymbols' in version `bold'
(Font)                  OMX/cmex/m/n --> OMX/lmex/m/n on input line 29.
LaTeX Font Info:    Overwriting math alphabet `\mathbf' in version `normal'
(Font)                  OT1/cmr/bx/n --> OT1/lmr/bx/n on input line 31.
LaTeX Font Info:    Overwriting math alphabet `\mathsf' in version `normal'
(Font)                  OT1/cmss/m/n --> OT1/lmss/m/n on input line 32.
LaTeX Font Info:    Overwriting math alphabet `\mathit' in version `normal'
(Font)                  OT1/cmr/m/it --> OT1/lmr/m/it on input line 33.
LaTeX Font Info:    Overwriting math alphabet `\mathtt' in version `normal'
(Font)                  OT1/cmtt/m/n --> OT1/lmtt/m/n on input line 34.
LaTeX Font Info:    Overwriting math alphabet `\mathbf' in version `bold'
(Font)                  OT1/cmr/bx/n --> OT1/lmr/bx/n on input line 35.
LaTeX Font Info:    Overwriting math alphabet `\mathsf' in version `bold'
(Font)                  OT1/cmss/bx/n --> OT1/lmss/bx/n on input line 36.
LaTeX Font Info:    Overwriting math alphabet `\mathit' in version `bold'
(Font)                  OT1/cmr/bx/it --> OT1/lmr/bx/it on input line 37.
LaTeX Font Info:    Overwriting math alphabet `\mathtt' in version `bold'
(Font)                  OT1/cmtt/m/n --> OT1/lmtt/m/n on input line 38.
)
(/usr/local/texlive/2021/texmf-dist/tex/latex/hyperref/hyperref.sty
Package: hyperref 2021-02-27 v7.00k Hypertext links for LaTeX

(/usr/local/texlive/2021/texmf-dist/tex/generic/kvdefinekeys/kvdefinekeys.sty
Package: kvdefinekeys 2019-12-19 v1.6 Define keys (HO)
)
(/usr/local/texlive/2021/texmf-dist/tex/generic/pdfescape/pdfescape.sty
Package: pdfescape 2019/12/09 v1.15 Implements pdfTeX's escape features (HO)
)
(/usr/local/texlive/2021/texmf-dist/tex/latex/hycolor/hycolor.sty
Package: hycolor 2020-01-27 v1.10 Color options for hyperref/bookmark (HO)
)
(/usr/local/texlive/2021/texmf-dist/tex/latex/letltxmacro/letltxmacro.sty
Package: letltxmacro 2019/12/03 v1.6 Let assignment for LaTeX macros (HO)
)
(/usr/local/texlive/2021/texmf-dist/tex/latex/auxhook/auxhook.sty
Package: auxhook 2019-12-17 v1.6 Hooks for auxiliary files (HO)
)
\@linkdim=\dimen176
\Hy@linkcounter=\count306
\Hy@pagecounter=\count307

(/usr/local/texlive/2021/texmf-dist/tex/latex/hyperref/pd1enc.def
File: pd1enc.def 2021-02-27 v7.00k Hyperref: PDFDocEncoding definition (HO)
)
(/usr/local/texlive/2021/texmf-dist/tex/latex/hyperref/hyperref-langpatches.def
File: hyperref-langpatches.def 2021-02-27 v7.00k Hyperref: patches for babel la
nguages
) (/usr/local/texlive/2021/texmf-dist/tex/generic/intcalc/intcalc.sty
Package: intcalc 2019/12/15 v1.3 Expandable calculations with integers (HO)
)
\Hy@SavedSpaceFactor=\count308

(/usr/local/texlive/2021/texmf-dist/tex/latex/hyperref/puenc.def
File: puenc.def 2021-02-27 v7.00k Hyperref: PDF Unicode definition (HO)
)
Package hyperref Info: Option `final' set `true' on input line 4073.
Package hyperref Info: Hyper figures OFF on input line 4192.
Package hyperref Info: Link nesting OFF on input line 4197.
Package hyperref Info: Hyper index ON on input line 4200.
Package hyperref Info: Plain pages OFF on input line 4207.
Package hyperref Info: Backreferencing OFF on input line 4212.
Package hyperref Info: Implicit mode ON; LaTeX internals redefined.
Package hyperref Info: Bookmarks ON on input line 4445.
\c@Hy@tempcnt=\count309

(/usr/local/texlive/2021/texmf-dist/tex/latex/url/url.sty
\Urlmuskip=\muskip17
Package: url 2013/09/16  ver 3.4  Verb mode for urls, etc.
)
LaTeX Info: Redefining \url on input line 4804.
\XeTeXLinkMargin=\dimen177

(/usr/local/texlive/2021/texmf-dist/tex/generic/bitset/bitset.sty
Package: bitset 2019/12/09 v1.3 Handle bit-vector datatype (HO)

(/usr/local/texlive/2021/texmf-dist/tex/generic/bigintcalc/bigintcalc.sty
Package: bigintcalc 2019/12/15 v1.5 Expandable calculations on big integers (HO
)
))
\Fld@menulength=\count310
\Field@Width=\dimen178
\Fld@charsize=\dimen179
Package hyperref Info: Hyper figures OFF on input line 6075.
Package hyperref Info: Link nesting OFF on input line 6080.
Package hyperref Info: Hyper index ON on input line 6083.
Package hyperref Info: backreferencing OFF on input line 6090.
Package hyperref Info: Link coloring OFF on input line 6095.
Package hyperref Info: Link coloring with OCG OFF on input line 6100.
Package hyperref Info: PDF/A mode OFF on input line 6105.
LaTeX Info: Redefining \ref on input line 6145.
LaTeX Info: Redefining \pageref on input line 6149.

(/usr/local/texlive/2021/texmf-dist/tex/latex/base/atbegshi-ltx.sty
Package: atbegshi-ltx 2020/08/17 v1.0a Emulation of the original atbegshi packa
ge
with kernel methods
)
\Hy@abspage=\count311
\c@Item=\count312
\c@Hfootnote=\count313
)
Package hyperref Info: Driver (autodetected): hpdftex.

(/usr/local/texlive/2021/texmf-dist/tex/latex/hyperref/hpdftex.def
File: hpdftex.def 2021-02-27 v7.00k Hyperref driver for pdfTeX

(/usr/local/texlive/2021/texmf-dist/tex/latex/base/atveryend-ltx.sty
Package: atveryend-ltx 2020/08/19 v1.0a Emulation of the original atvery packag
e
with kernel methods
)
\Fld@listcount=\count314
\c@bookmark@seq@number=\count315

(/usr/local/texlive/2021/texmf-dist/tex/latex/rerunfilecheck/rerunfilecheck.sty
Package: rerunfilecheck 2019/12/05 v1.9 Rerun checks for auxiliary files (HO)

(/usr/local/texlive/2021/texmf-dist/tex/generic/uniquecounter/uniquecounter.sty
Package: uniquecounter 2019/12/15 v1.4 Provide unlimited unique counter (HO)
)
Package uniquecounter Info: New unique counter `rerunfilecheck' on input line 2
86.
)
\Hy@SectionHShift=\skip65
)
Package hyperref Info: Option `breaklinks' set `true' on input line 49.
Package hyperref Info: Option `colorlinks' set `true' on input line 49.
Package hyperref Info: Option `pdfmenubar' set `true' on input line 49.
Package hyperref Info: Option `pdftoolbar' set `true' on input line 49.
\@indexfile=\write5
\openout5 = `intro.idx'.


Writing index file intro.idx
(/usr/local/texlive/2021/texmf-dist/tex/latex/idxlayout/idxlayout.sty
Package: idxlayout 2012/03/30 v0.4d Configurable index layout

(/usr/local/texlive/2021/texmf-dist/tex/latex/tools/multicol.sty
Package: multicol 2019/12/09 v1.8y multicolumn formatting (FMi)
\c@tracingmulticols=\count316
\mult@box=\box64
\multicol@leftmargin=\dimen180
\c@unbalance=\count317
\c@collectmore=\count318
\doublecol@number=\count319
\multicoltolerance=\count320
\multicolpretolerance=\count321
\full@width=\dimen181
\page@free=\dimen182
\premulticols=\dimen183
\postmulticols=\dimen184
\multicolsep=\skip66
\multicolbaselineskip=\skip67
\partial@page=\box65
\last@line=\box66
\maxbalancingoverflow=\dimen185
\mult@rightbox=\box67
\mult@grightbox=\box68
\mult@gfirstbox=\box69
\mult@firstbox=\box70
\@tempa=\box71
\@tempa=\box72
\@tempa=\box73
\@tempa=\box74
\@tempa=\box75
\@tempa=\box76
\@tempa=\box77
\@tempa=\box78
\@tempa=\box79
\@tempa=\box80
\@tempa=\box81
\@tempa=\box82
\@tempa=\box83
\@tempa=\box84
\@tempa=\box85
\@tempa=\box86
\@tempa=\box87
\@tempa=\box88
\@tempa=\box89
\@tempa=\box90
\@tempa=\box91
\@tempa=\box92
\@tempa=\box93
\@tempa=\box94
\@tempa=\box95
\@tempa=\box96
\@tempa=\box97
\@tempa=\box98
\@tempa=\box99
\@tempa=\box100
\@tempa=\box101
\@tempa=\box102
\@tempa=\box103
\@tempa=\box104
\@tempa=\box105
\@tempa=\box106
\@tempa=\box107
\c@minrows=\count322
\c@columnbadness=\count323
\c@finalcolumnbadness=\count324
\last@try=\dimen186
\multicolovershoot=\dimen187
\multicolundershoot=\dimen188
\mult@nat@firstbox=\box108
\colbreak@box=\box109
\mc@col@check@num=\count325
)
\c@idxcols=\count326
\indexcolsep=\skip68
\indexrule=\skip69
\ila@indentunit=\skip70
\ila@initsep=\skip71
)
(/usr/local/texlive/2021/texmf-dist/tex/latex/tocbibind/tocbibind.sty
Package: tocbibind 2010/10/13 v1.5k extra ToC listings
Package tocbibind Info: The document has section divisions on input line 50.


Package tocbibind Note: Using section or other style headings.

) (/usr/local/texlive/2021/texmf-dist/tex/latex/base/textcomp.sty
Package: textcomp 2020/02/02 v2.0n Standard LaTeX package
)
runsystem(which pygmentize && touch intro.aex)...executed.

runsystem(rm intro.aex)...executed.


(/usr/local/texlive/2021/texmf-dist/tex/latex/ragged2e/ragged2e.sty
Package: ragged2e 2021/02/05 v3.0 ragged2e Package

(/usr/local/texlive/2021/texmf-dist/tex/latex/everysel/everysel.sty
Package: everysel 2021/01/20 v2.1 EverySelectfont Package (MS)

(/usr/local/texlive/2021/texmf-dist/tex/latex/everysel/everysel-2011-10-28.sty)
)
\CenteringLeftskip=\skip72
\RaggedLeftLeftskip=\skip73
\RaggedRightLeftskip=\skip74
\CenteringRightskip=\skip75
\RaggedLeftRightskip=\skip76
\RaggedRightRightskip=\skip77
\CenteringParfillskip=\skip78
\RaggedLeftParfillskip=\skip79
\RaggedRightParfillskip=\skip80
\JustifyingParfillskip=\skip81
\CenteringParindent=\skip82
\RaggedLeftParindent=\skip83
\RaggedRightParindent=\skip84
\JustifyingParindent=\skip85
)
LaTeX Font Info:    Trying to load font information for T1+lmr on input line 70
.
 (/usr/local/texlive/2021/texmf-dist/tex/latex/lm/t1lmr.fd
File: t1lmr.fd 2015/05/01 v1.6.1 Font defs for Latin Modern
)
(/usr/local/texlive/2021/texmf-dist/tex/latex/l3backend/l3backend-pdftex.def
File: l3backend-pdftex.def 2021-03-18 L3 backend support: PDF output (pdfTeX)
\l__color_backend_stack_int=\count327
\l__pdf_internal_box=\box110
)
(./intro.aux)
\openout1 = `intro.aux'.

LaTeX Font Info:    Checking defaults for OML/cmm/m/it on input line 70.
LaTeX Font Info:    ... okay on input line 70.
LaTeX Font Info:    Checking defaults for OMS/cmsy/m/n on input line 70.
LaTeX Font Info:    ... okay on input line 70.
LaTeX Font Info:    Checking defaults for OT1/cmr/m/n on input line 70.
LaTeX Font Info:    ... okay on input line 70.
LaTeX Font Info:    Checking defaults for T1/cmr/m/n on input line 70.
LaTeX Font Info:    ... okay on input line 70.
LaTeX Font Info:    Checking defaults for TS1/cmr/m/n on input line 70.
LaTeX Font Info:    ... okay on input line 70.
LaTeX Font Info:    Checking defaults for OMX/cmex/m/n on input line 70.
LaTeX Font Info:    ... okay on input line 70.
LaTeX Font Info:    Checking defaults for U/cmr/m/n on input line 70.
LaTeX Font Info:    ... okay on input line 70.
LaTeX Font Info:    Checking defaults for PD1/pdf/m/n on input line 70.
LaTeX Font Info:    ... okay on input line 70.
LaTeX Font Info:    Checking defaults for PU/pdf/m/n on input line 70.
LaTeX Font Info:    ... okay on input line 70.

(/usr/local/texlive/2021/texmf-dist/tex/context/base/mkii/supp-pdf.mkii
[Loading MPS to PDF converter (version 2006.09.02).]
\scratchcounter=\count328
\scratchdimen=\dimen189
\scratchbox=\box111
\nofMPsegments=\count329
\nofMParguments=\count330
\everyMPshowfont=\toks35
\MPscratchCnt=\count331
\MPscratchDim=\dimen190
\MPnumerator=\count332
\makeMPintoPDFobject=\count333
\everyMPtoPDFconversion=\toks36
) (/usr/local/texlive/2021/texmf-dist/tex/latex/epstopdf-pkg/epstopdf-base.sty
Package: epstopdf-base 2020-01-24 v2.11 Base part for package epstopdf
Package epstopdf-base Info: Redefining graphics rule for `.eps' on input line 4
85.

(/usr/local/texlive/2021/texmf-dist/tex/latex/latexconfig/epstopdf-sys.cfg
File: epstopdf-sys.cfg 2010/07/13 v1.3 Configuration of (r)epstopdf for TeX Liv
e
))
LaTeX Info: Redefining \microtypecontext on input line 70.
Package microtype Info: Generating PDF output.
Package microtype Info: Character protrusion enabled (level 2).
Package microtype Info: Using default protrusion set `alltext'.
Package microtype Info: Automatic font expansion enabled (level 2),
(microtype)             stretch: 20, shrink: 20, step: 1, non-selected.
Package microtype Info: Using default expansion set `alltext-nott'.
LaTeX Info: Redefining \showhyphens on input line 70.
Package microtype Info: No adjustment of tracking.
Package microtype Info: No adjustment of interword spacing.
Package microtype Info: No adjustment of character kerning.

(/usr/local/texlive/2021/texmf-dist/tex/latex/microtype/mt-cmr.cfg
File: mt-cmr.cfg 2013/05/19 v2.2 microtype config. file: Computer Modern Roman 
(RS)
)
(/usr/local/texlive/2021/texmf-dist/tex/latex/ucs/ucsencs.def
File: ucsencs.def 2011/01/21 Fixes to fontencodings LGR, T3
)
Package hyperref Info: Link coloring ON on input line 70.

(/usr/local/texlive/2021/texmf-dist/tex/latex/hyperref/nameref.sty
Package: nameref 2021-04-02 v2.47 Cross-referencing by name of section

(/usr/local/texlive/2021/texmf-dist/tex/latex/refcount/refcount.sty
Package: refcount 2019/12/15 v3.6 Data extraction from label references (HO)
)
(/usr/local/texlive/2021/texmf-dist/tex/generic/gettitlestring/gettitlestring.s
ty
Package: gettitlestring 2019/12/15 v1.6 Cleanup title references (HO)
)
\c@section@level=\count334
)
LaTeX Info: Redefining \ref on input line 70.
LaTeX Info: Redefining \pageref on input line 70.
LaTeX Info: Redefining \nameref on input line 70.
 (./intro.out) (./intro.out)
\@outlinefile=\write6
\openout6 = `intro.out'.

 ABD: EverySelectfont initializing macros
LaTeX Info: Redefining \selectfont on input line 70.
LaTeX Font Info:    Trying to load font information for OT1+lmr on input line 9
6.

(/usr/local/texlive/2021/texmf-dist/tex/latex/lm/ot1lmr.fd
File: ot1lmr.fd 2015/05/01 v1.6.1 Font defs for Latin Modern
)
LaTeX Font Info:    Trying to load font information for OML+lmm on input line 9
6.

(/usr/local/texlive/2021/texmf-dist/tex/latex/lm/omllmm.fd
File: omllmm.fd 2015/05/01 v1.6.1 Font defs for Latin Modern
)
LaTeX Font Info:    Trying to load font information for OMS+lmsy on input line 
96.

(/usr/local/texlive/2021/texmf-dist/tex/latex/lm/omslmsy.fd
File: omslmsy.fd 2015/05/01 v1.6.1 Font defs for Latin Modern
)
LaTeX Font Info:    Trying to load font information for OMX+lmex on input line 
96.

(/usr/local/texlive/2021/texmf-dist/tex/latex/lm/omxlmex.fd
File: omxlmex.fd 2015/05/01 v1.6.1 Font defs for Latin Modern
)
LaTeX Font Info:    External font `lmex10' loaded for size
(Font)              <10> on input line 96.
LaTeX Font Info:    External font `lmex10' loaded for size
(Font)              <7> on input line 96.
LaTeX Font Info:    External font `lmex10' loaded for size
(Font)              <5> on input line 96.
LaTeX Font Info:    Trying to load font information for U+msa on input line 96.


(/usr/local/texlive/2021/texmf-dist/tex/latex/amsfonts/umsa.fd
File: umsa.fd 2013/01/14 v3.01 AMS symbols A
)
(/usr/local/texlive/2021/texmf-dist/tex/latex/microtype/mt-msa.cfg
File: mt-msa.cfg 2006/02/04 v1.1 microtype config. file: AMS symbols (a) (RS)
)
LaTeX Font Info:    Trying to load font information for U+msb on input line 96.


(/usr/local/texlive/2021/texmf-dist/tex/latex/amsfonts/umsb.fd
File: umsb.fd 2013/01/14 v3.01 AMS symbols B
)
(/usr/local/texlive/2021/texmf-dist/tex/latex/microtype/mt-msb.cfg
File: mt-msb.cfg 2005/06/01 v1.0 microtype config. file: AMS symbols (b) (RS)
) [1

{/usr/local/texlive/2021/texmf-var/fonts/map/pdftex/updmap/pdftex.map}]
LaTeX Font Info:    Trying to load font information for T1+lmtt on input line 2
01.

(/usr/local/texlive/2021/texmf-dist/tex/latex/lm/t1lmtt.fd
File: t1lmtt.fd 2015/05/01 v1.6.1 Font defs for Latin Modern
)
Package microtype Info: Loading generic protrusion settings for font family
(microtype)             `lmtt' (encoding: T1).
(microtype)             For optimal results, create family-specific settings.
(microtype)             See the microtype manual for details.
 [2]
Overfull \hbox (163.94862pt too wide) in paragraph at lines 205--206
[][]$\T1/lmtt/m/n/10 https : / / www . cambridge . org / highereducation / book
s / quantum-[]computation-[]and-[]quantum-[]information /
 []


Overfull \hbox (106.7488pt too wide) in paragraph at lines 207--208
\T1/lmtt/m/n/10 org / core / books / quantum-[]computing-[]for-[]programmers / 
BA1C887BE4AC0D0D5653E71FFBEF61C6$[][] 
 []


Overfull \hbox (6.28189pt too wide) in paragraph at lines 214--215
[]\T1/lmr/m/n/10 (-20) For Qiskit, fol-low the in-struc-tions at [][]$\T1/lmtt/
m/n/10 https : / / qiskit . org / documentation /
 []

LaTeX Font Info:    Trying to load font information for TS1+lmr on input line 2
43.
(/usr/local/texlive/2021/texmf-dist/tex/latex/lm/ts1lmr.fd
File: ts1lmr.fd 2015/05/01 v1.6.1 Font defs for Latin Modern
) [3] [4] [5]
[6] (/usr/local/texlive/2021/texmf-dist/tex/latex/ucs/data/uni-32.def
File: uni-32.def 2013/05/13 UCS: Unicode data U+2000..U+20FF
) [7]
\openout3 = `intro.pyg'.


(./_minted-intro/default-pyg-prefix.pygstyle) (./_minted-intro/default.pygstyle
)
(./_minted-intro/F14567D9FDADE3C7887CB689862AD0297E07D1A78F06F5F73DB24C771F3A92
E9.pygtex
LaTeX Font Info:    Font shape `T1/lmtt/bx/n' in size <9> not available
(Font)              Font shape `T1/lmtt/b/n' tried instead on input line 2.
)
\openout3 = `intro.pyg'.


(./_minted-intro/2CF3B19D75AE7274133602EB83BBBBDF7E07D1A78F06F5F73DB24C771F3A92
E9.pygtex)
\openout3 = `intro.pyg'.


(./_minted-intro/1044A679244DE3A3858D7E8208D5EA727E07D1A78F06F5F73DB24C771F3A92
E9.pygtex)
\openout3 = `intro.pyg'.


(./_minted-intro/233007224A9C2D1868A073E6B8027D2A7E07D1A78F06F5F73DB24C771F3A92
E9.pygtex)
\openout3 = `intro.pyg'.


(./_minted-intro/E629B498AF49C37F50CB3A464C4E699C7E07D1A78F06F5F73DB24C771F3A92
E9.pygtex [8])
\openout3 = `intro.pyg'.


(./_minted-intro/9A73365354057CD409D222D427A8536B7E07D1A78F06F5F73DB24C771F3A92
E9.pygtex)
\openout3 = `intro.pyg'.


(./_minted-intro/861C157902FDC17AF2BBE2F080736B297E07D1A78F06F5F73DB24C771F3A92
E9.pygtex)
\openout3 = `intro.pyg'.


(./_minted-intro/6F4E9EC9721C5A7DB05244EA7DEA0C277E07D1A78F06F5F73DB24C771F3A92
E9.pygtex)
\openout3 = `intro.pyg'.


(./_minted-intro/41FE49A8C7BCBE53DCF25E6BCE187EBA7E07D1A78F06F5F73DB24C771F3A92
E9.pygtex)
\openout3 = `intro.pyg'.


(./_minted-intro/A46194BC31930B4A06A3DD6BA25E8E4A7E07D1A78F06F5F73DB24C771F3A92
E9.pygtex [9])
\openout3 = `intro.pyg'.


(./_minted-intro/C3F2D12CF35DE208D02756B7AA22270E7E07D1A78F06F5F73DB24C771F3A92
E9.pygtex)
\openout3 = `intro.pyg'.


(./_minted-intro/81FDC67CEC165B7597F243E350A8F6167E07D1A78F06F5F73DB24C771F3A92
E9.pygtex)
\openout3 = `intro.pyg'.


(./_minted-intro/601D42276D73EB974475589118BC4B767E07D1A78F06F5F73DB24C771F3A92
E9.pygtex)
\openout3 = `intro.pyg'.


(./_minted-intro/E8975F459C40BA32EED6DB187949A8B27E07D1A78F06F5F73DB24C771F3A92
E9.pygtex) [10]
\openout3 = `intro.pyg'.


(./_minted-intro/581BAA7C7D185D5BD19CF0758515F1E07E07D1A78F06F5F73DB24C771F3A92
E9.pygtex)
\openout3 = `intro.pyg'.


(./_minted-intro/8AC530006771821DCD339069B5D811947E07D1A78F06F5F73DB24C771F3A92
E9.pygtex
LaTeX Font Info:    Trying to load font information for TS1+lmtt on input line 
11.
 (/usr/local/texlive/2021/texmf-dist/tex/latex/lm/ts1lmtt.fd
File: ts1lmtt.fd 2015/05/01 v1.6.1 Font defs for Latin Modern
)
Package microtype Info: Loading generic protrusion settings for font family
(microtype)             `lmtt' (encoding: TS1).
(microtype)             For optimal results, create family-specific settings.
(microtype)             See the microtype manual for details.
Package microtype Info: Character `texttrademark ' is missing
(microtype)             in font `TS1/lmtt/m/n/9'.
(microtype)             Ignoring protrusion settings for this character.
)
\openout3 = `intro.pyg'.


(./_minted-intro/EDA34D4D198B935379F9700E140C49087E07D1A78F06F5F73DB24C771F3A92
E9.pygtex [11])
\openout3 = `intro.pyg'.


(./_minted-intro/6F248A34169B2E6459C6CA1E795B8AF47E07D1A78F06F5F73DB24C771F3A92
E9.pygtex)
\openout3 = `intro.pyg'.


(./_minted-intro/4EF4AA359C47E8FAEE740CD6778790197E07D1A78F06F5F73DB24C771F3A92
E9.pygtex)
\openout3 = `intro.pyg'.


(./_minted-intro/D892B764CEB7DB0E5CCF78C97099E4CA7E07D1A78F06F5F73DB24C771F3A92
E9.pygtex)
\openout3 = `intro.pyg'.


(./_minted-intro/0D7B7ABE85DC01987DFABB53A4D791557E07D1A78F06F5F73DB24C771F3A92
E9.pygtex [12])
\openout3 = `intro.pyg'.


(./_minted-intro/BD125278E16CC9C3568A29FE727A304A7E07D1A78F06F5F73DB24C771F3A92
E9.pygtex)
\openout3 = `intro.pyg'.


(./_minted-intro/78375554535FFE1A2AB33E6A51F8D2827E07D1A78F06F5F73DB24C771F3A92
E9.pygtex) [13]
\openout3 = `intro.pyg'.


(./_minted-intro/A285CEF73338A76842DEE6358BB14F267E07D1A78F06F5F73DB24C771F3A92
E9.pygtex)
\openout3 = `intro.pyg'.


(./_minted-intro/C7124D370EF58D38F22588447F41DEBF7E07D1A78F06F5F73DB24C771F3A92
E9.pygtex
Package microtype Info: Character `texttrademark ' is missing
(microtype)             in font `TS1/lmtt/m/it/9'.
(microtype)             Ignoring protrusion settings for this character.
)
\openout3 = `intro.pyg'.


(./_minted-intro/0331C927E8AFE9B7F8DB0ACF717D0AEB7E07D1A78F06F5F73DB24C771F3A92
E9.pygtex)
\openout3 = `intro.pyg'.


(./_minted-intro/61EE9ED076FB4D16D40BB3FD1685922D7E07D1A78F06F5F73DB24C771F3A92
E9.pygtex)
\openout3 = `intro.pyg'.


(./_minted-intro/708F595518887723B0B5CCB84E598B7D7E07D1A78F06F5F73DB24C771F3A92
E9.pygtex)
\openout3 = `intro.pyg'.


(./_minted-intro/6F98185989213CEE244F3C48CD4197BB7E07D1A78F06F5F73DB24C771F3A92
E9.pygtex [14])
\openout3 = `intro.pyg'.


(./_minted-intro/FA89E1A6F74C1A21174834D8BDC2488D7E07D1A78F06F5F73DB24C771F3A92
E9.pygtex)
\openout3 = `intro.pyg'.


(./_minted-intro/5436188E9442A1D675A992B333CD68D77E07D1A78F06F5F73DB24C771F3A92
E9.pygtex)
\openout3 = `intro.pyg'.


(./_minted-intro/9D19EAFB0F141A02AC2340FBC56C81B17E07D1A78F06F5F73DB24C771F3A92
E9.pygtex)
\openout3 = `intro.pyg'.


(./_minted-intro/4F4E41BD2A8C3412E9C7CFA97F3DB5A27E07D1A78F06F5F73DB24C771F3A92
E9.pygtex)
\openout3 = `intro.pyg'.


(./_minted-intro/DF2DBB81F8000CF1075383DE435BEF3A7E07D1A78F06F5F73DB24C771F3A92
E9.pygtex)
\openout3 = `intro.pyg'.


(./_minted-intro/B12D6BEC4952E78594B6171AA4C063217E07D1A78F06F5F73DB24C771F3A92
E9.pygtex)
\openout3 = `intro.pyg'.


(./_minted-intro/DC1B245544A43B731411148948CC88257E07D1A78F06F5F73DB24C771F3A92
E9.pygtex [15])
\openout3 = `intro.pyg'.


(./_minted-intro/683FFCEAA435A73858EBEBD803D734357E07D1A78F06F5F73DB24C771F3A92
E9.pygtex)
\openout3 = `intro.pyg'.


(./_minted-intro/6767AAF3E01E8E4C8436CB3B69F02FF77E07D1A78F06F5F73DB24C771F3A92
E9.pygtex)
\openout3 = `intro.pyg'.


(./_minted-intro/56D9368B6C7BC1FBE4ADB1B77B8225287E07D1A78F06F5F73DB24C771F3A92
E9.pygtex)
\openout3 = `intro.pyg'.


(./_minted-intro/94E27542007647B58EAACF752815B9397E07D1A78F06F5F73DB24C771F3A92
E9.pygtex)
\openout3 = `intro.pyg'.


(./_minted-intro/2E8B099F364205D4BECDBDDD96C49C467E07D1A78F06F5F73DB24C771F3A92
E9.pygtex)
\openout3 = `intro.pyg'.


(./_minted-intro/4A502CE4BA26FD453DBD11A968DD972F7E07D1A78F06F5F73DB24C771F3A92
E9.pygtex)
\openout3 = `intro.pyg'.


(./_minted-intro/3F32BDFD37B76C640DAC9A94E6C137F17E07D1A78F06F5F73DB24C771F3A92
E9.pygtex [16])
! Missing $ inserted.
<inserted text> 
                $
l.1310 want to the cirucit circ1p3_
                                   bind and circb together on a simulator, we
? s
OK, entering \scrollmode...
! Missing $ inserted.
<inserted text> 
                $
l.1312 
       
I've inserted a begin-math/end-math symbol since I think
you left one out. Proceed, with fingers crossed.


Overfull \hbox (99.13376pt too wide) in paragraph at lines 1308--1312
\T1/lmr/m/n/10 (-20) queue times. For ex-am-ple, if we want to the cirucit circ
1p3$[]\OML/lmm/m/it/10 indandcircbtogetheronasimulator; wecando \OT1/lmr/m/n/10
 (-20) :$ 
 []

\openout3 = `intro.pyg'.


(./_minted-intro/C74BBB7660AADB456A00EA6D72F7DDFD7E07D1A78F06F5F73DB24C771F3A92
E9.pygtex) [17] (./intro.aux)

 *File List*
 article.cls    2020/04/10 v1.4m Standard LaTeX document class
  size10.clo    2020/04/10 v1.4m Standard LaTeX file (size option)
 relsize.sty    2013/03/29 ver 4.1
 makeidx.sty    2014/09/29 v1.0m Standard LaTeX package
   color.sty    1999/02/16
   color.cfg    2016/01/02 v1.6 sample color configuration
  pdftex.def    2020/10/05 v1.2a Graphics/color driver for pdftex
setspace.sty    2011/12/19 v6.7a set line spacing
 amsmath.sty    2020/09/23 v2.17i AMS math features
 amstext.sty    2000/06/29 v2.01 AMS text
  amsgen.sty    1999/11/30 v2.0 generic functions
  amsbsy.sty    1999/11/29 v1.2d Bold Symbols
  amsopn.sty    2016/03/08 v2.02 operator names
amsfonts.sty    2013/01/14 v3.01 Basic AMSFonts support
 amssymb.sty    2013/01/14 v3.01 AMS font symbols
  xcolor.sty    2016/05/11 v2.12 LaTeX color extensions (UK)
   color.cfg    2016/01/02 v1.6 sample color configuration
colortbl.sty    2020/01/04 v1.0e Color table columns (DPC)
   array.sty    2020/10/01 v2.5c Tabular extension package (FMi)
      bm.sty    2019/07/24 v1.2d Bold Symbol Support (DPC/FMi)
 ltablex.sty    2014/08/13 v1.1 Modified tabularx
longtable.sty    2020/01/07 v4.13 Multi-page Table package (DPC)
tabularx.sty    2020/01/15 v2.11c `tabularx' package (DPC)
microtype.sty    2021/03/14 v2.8c Micro-typographical refinements (RS)
  keyval.sty    2014/10/28 v1.15 key=value parser (DPC)
microtype-pdftex.def    2021/03/14 v2.8c Definitions specific to pdftex (RS)
microtype.cfg    2021/03/14 v2.8c microtype main configuration file (RS)
graphicx.sty    2020/09/09 v1.2b Enhanced LaTeX Graphics (DPC,SPQR)
graphics.sty    2020/08/30 v1.4c Standard LaTeX Graphics (DPC,SPQR)
    trig.sty    2016/01/03 v1.10 sin cos tan (DPC)
graphics.cfg    2016/06/04 v1.11 sample graphics configuration
fancyvrb.sty    2021/01/20 v3.7 verbatim text (tvz,hv)
  minted.sty    2017/07/19 v2.5 Yet another Pygments shim for LaTeX
kvoptions.sty    2020-10-07 v3.14 Key value format for package options (HO)
 ltxcmds.sty    2020-05-10 v1.25 LaTeX kernel commands for general use (HO)
kvsetkeys.sty    2019/12/15 v1.18 Key value parser (HO)
 fvextra.sty    2019/02/04 v1.4 fvextra - extensions and patches for fancyvrb
  ifthen.sty    2014/09/29 v1.1c Standard LaTeX ifthen package (DPC)
etoolbox.sty    2020/10/05 v2.5k e-TeX tools for LaTeX (JAW)
 upquote.sty    2012/04/19 v1.3 upright-quote and grave-accent glyphs in verbat
im
  lineno.sty    2005/11/02 line numbers on paragraphs v4.41
    calc.sty    2017/05/25 v4.3 Infix arithmetic (KKT,FJ)
shellesc.sty    2019/11/08 v1.0c unified shell escape interface for LaTeX
ifplatform.sty    2017/10/13 v0.4a Testing for the operating system
pdftexcmds.sty    2020-06-27 v0.33 Utility functions of pdfTeX for LuaTeX (HO)
infwarerr.sty    2019/12/03 v1.5 Providing info/warning/error messages (HO)
   iftex.sty    2020/03/06 v1.0d TeX engine tests
catchfile.sty    2019/12/09 v1.8 Catch the contents of a file (HO)
etexcmds.sty    2019/12/15 v1.7 Avoid name clashes with e-TeX commands (HO)
ifluatex.sty    2019/10/25 v1.5 ifluatex legacy package. Use iftex instead.
  "intro.w18"
 xstring.sty    2019/02/06 v1.83 String manipulations (CT)
  framed.sty    2011/10/22 v 0.96: framed or shaded text with page breaks
   float.sty    2001/11/08 v1.3d Float enhancements (AL)
 fontenc.sty
     ucs.sty    2013/05/11 v2.2 UCS: Unicode input support
uni-global.def    2013/05/13 UCS: Unicode global data
inputenc.sty    2020/08/01 v1.3d Input encoding file
   utf8x.def    2004/10/17 UCS: Input encoding UTF-8
 lmodern.sty    2015/05/01 v1.6.1 Latin Modern Fonts
hyperref.sty    2021-02-27 v7.00k Hypertext links for LaTeX
kvdefinekeys.sty    2019-12-19 v1.6 Define keys (HO)
pdfescape.sty    2019/12/09 v1.15 Implements pdfTeX's escape features (HO)
 hycolor.sty    2020-01-27 v1.10 Color options for hyperref/bookmark (HO)
letltxmacro.sty    2019/12/03 v1.6 Let assignment for LaTeX macros (HO)
 auxhook.sty    2019-12-17 v1.6 Hooks for auxiliary files (HO)
  pd1enc.def    2021-02-27 v7.00k Hyperref: PDFDocEncoding definition (HO)
hyperref-langpatches.def    2021-02-27 v7.00k Hyperref: patches for babel langu
ages
 intcalc.sty    2019/12/15 v1.3 Expandable calculations with integers (HO)
   puenc.def    2021-02-27 v7.00k Hyperref: PDF Unicode definition (HO)
     url.sty    2013/09/16  ver 3.4  Verb mode for urls, etc.
  bitset.sty    2019/12/09 v1.3 Handle bit-vector datatype (HO)
bigintcalc.sty    2019/12/15 v1.5 Expandable calculations on big integers (HO)
atbegshi-ltx.sty    2020/08/17 v1.0a Emulation of the original atbegshi package

with kernel methods
 hpdftex.def    2021-02-27 v7.00k Hyperref driver for pdfTeX
atveryend-ltx.sty    2020/08/19 v1.0a Emulation of the original atvery package
with kernel methods
rerunfilecheck.sty    2019/12/05 v1.9 Rerun checks for auxiliary files (HO)
uniquecounter.sty    2019/12/15 v1.4 Provide unlimited unique counter (HO)
idxlayout.sty    2012/03/30 v0.4d Configurable index layout
multicol.sty    2019/12/09 v1.8y multicolumn formatting (FMi)
tocbibind.sty    2010/10/13 v1.5k extra ToC listings
textcomp.sty    2020/02/02 v2.0n Standard LaTeX package
ragged2e.sty    2021/02/05 v3.0 ragged2e Package
everysel.sty    2021/01/20 v2.1 EverySelectfont Package (MS)
everysel-2011-10-28.sty
   t1lmr.fd    2015/05/01 v1.6.1 Font defs for Latin Modern
l3backend-pdftex.def    2021-03-18 L3 backend support: PDF output (pdfTeX)
supp-pdf.mkii
epstopdf-base.sty    2020-01-24 v2.11 Base part for package epstopdf
epstopdf-sys.cfg    2010/07/13 v1.3 Configuration of (r)epstopdf for TeX Live
  mt-cmr.cfg    2013/05/19 v2.2 microtype config. file: Computer Modern Roman (
RS)
 ucsencs.def    2011/01/21 Fixes to fontencodings LGR, T3
 nameref.sty    2021-04-02 v2.47 Cross-referencing by name of section
refcount.sty    2019/12/15 v3.6 Data extraction from label references (HO)
gettitlestring.sty    2019/12/15 v1.6 Cleanup title references (HO)
   intro.out
   intro.out
  ot1lmr.fd    2015/05/01 v1.6.1 Font defs for Latin Modern
  omllmm.fd    2015/05/01 v1.6.1 Font defs for Latin Modern
 omslmsy.fd    2015/05/01 v1.6.1 Font defs for Latin Modern
 omxlmex.fd    2015/05/01 v1.6.1 Font defs for Latin Modern
    umsa.fd    2013/01/14 v3.01 AMS symbols A
  mt-msa.cfg    2006/02/04 v1.1 microtype config. file: AMS symbols (a) (RS)
    umsb.fd    2013/01/14 v3.01 AMS symbols B
  mt-msb.cfg    2005/06/01 v1.0 microtype config. file: AMS symbols (b) (RS)
  t1lmtt.fd    2015/05/01 v1.6.1 Font defs for Latin Modern
  ts1lmr.fd    2015/05/01 v1.6.1 Font defs for Latin Modern
  uni-32.def    2013/05/13 UCS: Unicode data U+2000..U+20FF
_minted-intro/default-pyg-prefix.pygstyle
_minted-intro/default.pygstyle
_minted-intro/F14567D9FDADE3C7887CB689862AD0297E07D1A78F06F5F73DB24C771F3A92E9.
pygtex
_minted-intro/2CF3B19D75AE7274133602EB83BBBBDF7E07D1A78F06F5F73DB24C771F3A92E9.
pygtex
_minted-intro/1044A679244DE3A3858D7E8208D5EA727E07D1A78F06F5F73DB24C771F3A92E9.
pygtex
_minted-intro/233007224A9C2D1868A073E6B8027D2A7E07D1A78F06F5F73DB24C771F3A92E9.
pygtex
_minted-intro/E629B498AF49C37F50CB3A464C4E699C7E07D1A78F06F5F73DB24C771F3A92E9.
pygtex
_minted-intro/9A73365354057CD409D222D427A8536B7E07D1A78F06F5F73DB24C771F3A92E9.
pygtex
_minted-intro/861C157902FDC17AF2BBE2F080736B297E07D1A78F06F5F73DB24C771F3A92E9.
pygtex
_minted-intro/6F4E9EC9721C5A7DB05244EA7DEA0C277E07D1A78F06F5F73DB24C771F3A92E9.
pygtex
_minted-intro/41FE49A8C7BCBE53DCF25E6BCE187EBA7E07D1A78F06F5F73DB24C771F3A92E9.
pygtex
_minted-intro/A46194BC31930B4A06A3DD6BA25E8E4A7E07D1A78F06F5F73DB24C771F3A92E9.
pygtex
_minted-intro/C3F2D12CF35DE208D02756B7AA22270E7E07D1A78F06F5F73DB24C771F3A92E9.
pygtex
_minted-intro/81FDC67CEC165B7597F243E350A8F6167E07D1A78F06F5F73DB24C771F3A92E9.
pygtex
_minted-intro/601D42276D73EB974475589118BC4B767E07D1A78F06F5F73DB24C771F3A92E9.
pygtex
_minted-intro/E8975F459C40BA32EED6DB187949A8B27E07D1A78F06F5F73DB24C771F3A92E9.
pygtex
_minted-intro/581BAA7C7D185D5BD19CF0758515F1E07E07D1A78F06F5F73DB24C771F3A92E9.
pygtex
_minted-intro/8AC530006771821DCD339069B5D811947E07D1A78F06F5F73DB24C771F3A92E9.
pygtex
 ts1lmtt.fd    2015/05/01 v1.6.1 Font defs for Latin Modern
_minted-intro/EDA34D4D198B935379F9700E140C49087E07D1A78F06F5F73DB24C771F3A92E9.
pygtex
_minted-intro/6F248A34169B2E6459C6CA1E795B8AF47E07D1A78F06F5F73DB24C771F3A92E9.
pygtex
_minted-intro/4EF4AA359C47E8FAEE740CD6778790197E07D1A78F06F5F73DB24C771F3A92E9.
pygtex
_minted-intro/D892B764CEB7DB0E5CCF78C97099E4CA7E07D1A78F06F5F73DB24C771F3A92E9.
pygtex
_minted-intro/0D7B7ABE85DC01987DFABB53A4D791557E07D1A78F06F5F73DB24C771F3A92E9.
pygtex
_minted-intro/BD125278E16CC9C3568A29FE727A304A7E07D1A78F06F5F73DB24C771F3A92E9.
pygtex
_minted-intro/78375554535FFE1A2AB33E6A51F8D2827E07D1A78F06F5F73DB24C771F3A92E9.
pygtex
_minted-intro/A285CEF73338A76842DEE6358BB14F267E07D1A78F06F5F73DB24C771F3A92E9.
pygtex
_minted-intro/C7124D370EF58D38F22588447F41DEBF7E07D1A78F06F5F73DB24C771F3A92E9.
pygtex
_minted-intro/0331C927E8AFE9B7F8DB0ACF717D0AEB7E07D1A78F06F5F73DB24C771F3A92E9.
pygtex
_minted-intro/61EE9ED076FB4D16D40BB3FD1685922D7E07D1A78F06F5F73DB24C771F3A92E9.
pygtex
_minted-intro/708F595518887723B0B5CCB84E598B7D7E07D1A78F06F5F73DB24C771F3A92E9.
pygtex
_minted-intro/6F98185989213CEE244F3C48CD4197BB7E07D1A78F06F5F73DB24C771F3A92E9.
pygtex
_minted-intro/FA89E1A6F74C1A21174834D8BDC2488D7E07D1A78F06F5F73DB24C771F3A92E9.
pygtex
_minted-intro/5436188E9442A1D675A992B333CD68D77E07D1A78F06F5F73DB24C771F3A92E9.
pygtex
_minted-intro/9D19EAFB0F141A02AC2340FBC56C81B17E07D1A78F06F5F73DB24C771F3A92E9.
pygtex
_minted-intro/4F4E41BD2A8C3412E9C7CFA97F3DB5A27E07D1A78F06F5F73DB24C771F3A92E9.
pygtex
_minted-intro/DF2DBB81F8000CF1075383DE435BEF3A7E07D1A78F06F5F73DB24C771F3A92E9.
pygtex
_minted-intro/B12D6BEC4952E78594B6171AA4C063217E07D1A78F06F5F73DB24C771F3A92E9.
pygtex
_minted-intro/DC1B245544A43B731411148948CC88257E07D1A78F06F5F73DB24C771F3A92E9.
pygtex
_minted-intro/683FFCEAA435A73858EBEBD803D734357E07D1A78F06F5F73DB24C771F3A92E9.
pygtex
_minted-intro/6767AAF3E01E8E4C8436CB3B69F02FF77E07D1A78F06F5F73DB24C771F3A92E9.
pygtex
_minted-intro/56D9368B6C7BC1FBE4ADB1B77B8225287E07D1A78F06F5F73DB24C771F3A92E9.
pygtex
_minted-intro/94E27542007647B58EAACF752815B9397E07D1A78F06F5F73DB24C771F3A92E9.
pygtex
_minted-intro/2E8B099F364205D4BECDBDDD96C49C467E07D1A78F06F5F73DB24C771F3A92E9.
pygtex
_minted-intro/4A502CE4BA26FD453DBD11A968DD972F7E07D1A78F06F5F73DB24C771F3A92E9.
pygtex
_minted-intro/3F32BDFD37B76C640DAC9A94E6C137F17E07D1A78F06F5F73DB24C771F3A92E9.
pygtex
_minted-intro/C74BBB7660AADB456A00EA6D72F7DDFD7E07D1A78F06F5F73DB24C771F3A92E9.
pygtex
 ***********

Package rerunfilecheck Info: File `intro.out' has not changed.
(rerunfilecheck)             Checksum: D41D8CD98F00B204E9800998ECF8427E;0.
runsystem(rm intro.pyg)...executed.

 ) 
Here is how much of TeX's memory you used:
 16359 strings out of 478994
 278431 string characters out of 5858184
 666711 words of memory out of 5000000
 33127 multiletter control sequences out of 15000+600000
 453677 words of font info for 148 fonts, out of 8000000 for 9000
 1141 hyphenation exceptions out of 8191
 85i,8n,88p,457b,651s stack positions out of 5000i,500n,10000p,200000b,80000s
{/usr/local/texlive/2021/texmf-dist/fonts/enc/dvips/lm/lm-ts1.enc}{/usr/local
/texlive/2021/texmf-dist/fonts/enc/dvips/lm/lm-ec.enc}{/usr/local/texlive/2021/
texmf-dist/fonts/enc/dvips/lm/lm-mathex.enc}{/usr/local/texlive/2021/texmf-dist
/fonts/enc/dvips/lm/lm-mathsy.enc}{/usr/local/texlive/2021/texmf-dist/fonts/enc
/dvips/lm/lm-mathit.enc}{/usr/local/texlive/2021/texmf-dist/fonts/enc/dvips/lm/
lm-rm.enc}</usr/local/texlive/2021/texmf-dist/fonts/type1/public/amsfonts/cm/cm
bx10.pfb></usr/local/texlive/2021/texmf-dist/fonts/type1/public/amsfonts/cm/cmm
ib10.pfb></usr/local/texlive/2021/texmf-dist/fonts/type1/public/lm/lmbx10.pfb><
/usr/local/texlive/2021/texmf-dist/fonts/type1/public/lm/lmbx12.pfb></usr/local
/texlive/2021/texmf-dist/fonts/type1/public/lm/lmex10.pfb></usr/local/texlive/2
021/texmf-dist/fonts/type1/public/lm/lmmi10.pfb></usr/local/texlive/2021/texmf-
dist/fonts/type1/public/lm/lmmi7.pfb></usr/local/texlive/2021/texmf-dist/fonts/
type1/public/lm/lmr10.pfb></usr/local/texlive/2021/texmf-dist/fonts/type1/publi
c/lm/lmr7.pfb></usr/local/texlive/2021/texmf-dist/fonts/type1/public/lm/lmri10.
pfb></usr/local/texlive/2021/texmf-dist/fonts/type1/public/lm/lmsy10.pfb></usr/
local/texlive/2021/texmf-dist/fonts/type1/public/lm/lmsy7.pfb></usr/local/texli
ve/2021/texmf-dist/fonts/type1/public/lm/lmtk10.pfb></usr/local/texlive/2021/te
xmf-dist/fonts/type1/public/lm/lmtt10.pfb></usr/local/texlive/2021/texmf-dist/f
onts/type1/public/lm/lmtt9.pfb></usr/local/texlive/2021/texmf-dist/fonts/type1/
public/lm/lmtti10.pfb>
Output written on intro.pdf (17 pages, 313853 bytes).
PDF statistics:
 324 PDF objects out of 1000 (max. 8388607)
 286 compressed objects within 3 object streams
 81 named destinations out of 1000 (max. 500000)
 29185 words of extra memory for PDF output out of 29859 (max. 10000000)

